{"C:\\Users\\Юля\\Desktop\\space\\fullstack\\test-admin\\client\\src\\App.js": {"path":"C:\\Users\\Юля\\Desktop\\space\\fullstack\\test-admin\\client\\src\\App.js","statementMap":{"0":{"start":{"line":17,"column":15},"end":{"line":17,"column":49}},"1":{"start":{"line":17,"column":38},"end":{"line":17,"column":48}},"2":{"start":{"line":18,"column":19},"end":{"line":18,"column":32}},"3":{"start":{"line":20,"column":2},"end":{"line":20,"column":30}},"4":{"start":{"line":22,"column":2},"end":{"line":24,"column":13}},"5":{"start":{"line":23,"column":4},"end":{"line":23,"column":33}},"6":{"start":{"line":26,"column":2},"end":{"line":28,"column":9}},"7":{"start":{"line":27,"column":4},"end":{"line":27,"column":32}},"8":{"start":{"line":30,"column":2},"end":{"line":48,"column":4}}},"fnMap":{"0":{"name":"App","decl":{"start":{"line":16,"column":9},"end":{"line":16,"column":12}},"loc":{"start":{"line":16,"column":15},"end":{"line":49,"column":1}},"line":16},"1":{"name":"(anonymous_1)","decl":{"start":{"line":17,"column":27},"end":{"line":17,"column":28}},"loc":{"start":{"line":17,"column":38},"end":{"line":17,"column":48}},"line":17},"2":{"name":"(anonymous_2)","decl":{"start":{"line":20,"column":12},"end":{"line":20,"column":13}},"loc":{"start":{"line":20,"column":18},"end":{"line":20,"column":20}},"line":20},"3":{"name":"(anonymous_3)","decl":{"start":{"line":22,"column":12},"end":{"line":22,"column":13}},"loc":{"start":{"line":22,"column":18},"end":{"line":24,"column":3}},"line":22},"4":{"name":"(anonymous_4)","decl":{"start":{"line":26,"column":12},"end":{"line":26,"column":13}},"loc":{"start":{"line":26,"column":18},"end":{"line":28,"column":3}},"line":26}},"branchMap":{"0":{"loc":{"start":{"line":33,"column":9},"end":{"line":33,"column":27}},"type":"binary-expr","locations":[{"start":{"line":33,"column":9},"end":{"line":33,"column":13}},{"start":{"line":33,"column":17},"end":{"line":33,"column":27}}],"line":33}},"s":{"0":0,"1":0,"2":0,"3":0,"4":0,"5":0,"6":0,"7":0,"8":0},"f":{"0":0,"1":0,"2":0,"3":0,"4":0},"b":{"0":[0,0]},"_coverageSchema":"1a1c01bbd47fc00a2c39e90264f33305004495a9","hash":"830e2c978e90700ffdadc25ec1bc17c78824ed64"}
,"C:\\Users\\Юля\\Desktop\\space\\fullstack\\test-admin\\client\\src\\thunks.js": {"path":"C:\\Users\\Юля\\Desktop\\space\\fullstack\\test-admin\\client\\src\\thunks.js","statementMap":{"0":{"start":{"line":1,"column":24},"end":{"line":13,"column":1}},"1":{"start":{"line":2,"column":2},"end":{"line":12,"column":4}},"2":{"start":{"line":3,"column":19},"end":{"line":9,"column":6}},"3":{"start":{"line":10,"column":17},"end":{"line":10,"column":36}},"4":{"start":{"line":11,"column":4},"end":{"line":11,"column":68}},"5":{"start":{"line":15,"column":27},"end":{"line":27,"column":1}},"6":{"start":{"line":16,"column":2},"end":{"line":26,"column":4}},"7":{"start":{"line":17,"column":18},"end":{"line":23,"column":6}},"8":{"start":{"line":24,"column":17},"end":{"line":24,"column":35}},"9":{"start":{"line":25,"column":4},"end":{"line":25,"column":68}},"10":{"start":{"line":29,"column":24},"end":{"line":40,"column":1}},"11":{"start":{"line":30,"column":2},"end":{"line":39,"column":4}},"12":{"start":{"line":31,"column":21},"end":{"line":36,"column":6}},"13":{"start":{"line":37,"column":17},"end":{"line":37,"column":38}},"14":{"start":{"line":38,"column":4},"end":{"line":38,"column":61}},"15":{"start":{"line":42,"column":29},"end":{"line":54,"column":1}},"16":{"start":{"line":43,"column":2},"end":{"line":53,"column":4}},"17":{"start":{"line":44,"column":20},"end":{"line":50,"column":6}},"18":{"start":{"line":51,"column":17},"end":{"line":51,"column":37}},"19":{"start":{"line":52,"column":4},"end":{"line":52,"column":68}},"20":{"start":{"line":56,"column":27},"end":{"line":73,"column":1}},"21":{"start":{"line":57,"column":2},"end":{"line":72,"column":4}},"22":{"start":{"line":58,"column":17},"end":{"line":68,"column":6}},"23":{"start":{"line":70,"column":17},"end":{"line":70,"column":34}},"24":{"start":{"line":71,"column":4},"end":{"line":71,"column":68}},"25":{"start":{"line":75,"column":29},"end":{"line":87,"column":1}},"26":{"start":{"line":76,"column":2},"end":{"line":86,"column":4}},"27":{"start":{"line":77,"column":19},"end":{"line":83,"column":6}},"28":{"start":{"line":84,"column":17},"end":{"line":84,"column":36}},"29":{"start":{"line":85,"column":4},"end":{"line":85,"column":68}},"30":{"start":{"line":89,"column":22},"end":{"line":94,"column":1}},"31":{"start":{"line":90,"column":2},"end":{"line":93,"column":4}},"32":{"start":{"line":91,"column":4},"end":{"line":91,"column":33}},"33":{"start":{"line":92,"column":4},"end":{"line":92,"column":39}},"34":{"start":{"line":96,"column":28},"end":{"line":104,"column":1}},"35":{"start":{"line":97,"column":2},"end":{"line":103,"column":4}},"36":{"start":{"line":98,"column":4},"end":{"line":102,"column":8}},"37":{"start":{"line":106,"column":23},"end":{"line":117,"column":1}},"38":{"start":{"line":107,"column":2},"end":{"line":116,"column":4}},"39":{"start":{"line":108,"column":4},"end":{"line":115,"column":5}},"40":{"start":{"line":109,"column":24},"end":{"line":109,"column":64}},"41":{"start":{"line":110,"column":6},"end":{"line":114,"column":11}}},"fnMap":{"0":{"name":"(anonymous_0)","decl":{"start":{"line":1,"column":24},"end":{"line":1,"column":25}},"loc":{"start":{"line":1,"column":44},"end":{"line":13,"column":1}},"line":1},"1":{"name":"(anonymous_1)","decl":{"start":{"line":2,"column":9},"end":{"line":2,"column":10}},"loc":{"start":{"line":2,"column":29},"end":{"line":12,"column":3}},"line":2},"2":{"name":"(anonymous_2)","decl":{"start":{"line":15,"column":27},"end":{"line":15,"column":28}},"loc":{"start":{"line":15,"column":41},"end":{"line":27,"column":1}},"line":15},"3":{"name":"(anonymous_3)","decl":{"start":{"line":16,"column":9},"end":{"line":16,"column":10}},"loc":{"start":{"line":16,"column":29},"end":{"line":26,"column":3}},"line":16},"4":{"name":"(anonymous_4)","decl":{"start":{"line":29,"column":24},"end":{"line":29,"column":25}},"loc":{"start":{"line":29,"column":30},"end":{"line":40,"column":1}},"line":29},"5":{"name":"(anonymous_5)","decl":{"start":{"line":30,"column":9},"end":{"line":30,"column":10}},"loc":{"start":{"line":30,"column":29},"end":{"line":39,"column":3}},"line":30},"6":{"name":"(anonymous_6)","decl":{"start":{"line":42,"column":29},"end":{"line":42,"column":30}},"loc":{"start":{"line":42,"column":45},"end":{"line":54,"column":1}},"line":42},"7":{"name":"(anonymous_7)","decl":{"start":{"line":43,"column":9},"end":{"line":43,"column":10}},"loc":{"start":{"line":43,"column":29},"end":{"line":53,"column":3}},"line":43},"8":{"name":"(anonymous_8)","decl":{"start":{"line":56,"column":27},"end":{"line":56,"column":28}},"loc":{"start":{"line":56,"column":56},"end":{"line":73,"column":1}},"line":56},"9":{"name":"(anonymous_9)","decl":{"start":{"line":57,"column":9},"end":{"line":57,"column":10}},"loc":{"start":{"line":57,"column":29},"end":{"line":72,"column":3}},"line":57},"10":{"name":"(anonymous_10)","decl":{"start":{"line":75,"column":29},"end":{"line":75,"column":30}},"loc":{"start":{"line":75,"column":49},"end":{"line":87,"column":1}},"line":75},"11":{"name":"(anonymous_11)","decl":{"start":{"line":76,"column":9},"end":{"line":76,"column":10}},"loc":{"start":{"line":76,"column":29},"end":{"line":86,"column":3}},"line":76},"12":{"name":"(anonymous_12)","decl":{"start":{"line":89,"column":22},"end":{"line":89,"column":23}},"loc":{"start":{"line":89,"column":28},"end":{"line":94,"column":1}},"line":89},"13":{"name":"(anonymous_13)","decl":{"start":{"line":90,"column":9},"end":{"line":90,"column":10}},"loc":{"start":{"line":90,"column":23},"end":{"line":93,"column":3}},"line":90},"14":{"name":"(anonymous_14)","decl":{"start":{"line":96,"column":28},"end":{"line":96,"column":29}},"loc":{"start":{"line":96,"column":38},"end":{"line":104,"column":1}},"line":96},"15":{"name":"(anonymous_15)","decl":{"start":{"line":97,"column":9},"end":{"line":97,"column":10}},"loc":{"start":{"line":97,"column":15},"end":{"line":103,"column":3}},"line":97},"16":{"name":"(anonymous_16)","decl":{"start":{"line":106,"column":23},"end":{"line":106,"column":24}},"loc":{"start":{"line":106,"column":29},"end":{"line":117,"column":1}},"line":106},"17":{"name":"(anonymous_17)","decl":{"start":{"line":107,"column":9},"end":{"line":107,"column":10}},"loc":{"start":{"line":107,"column":23},"end":{"line":116,"column":3}},"line":107}},"branchMap":{"0":{"loc":{"start":{"line":98,"column":4},"end":{"line":102,"column":7}},"type":"binary-expr","locations":[{"start":{"line":98,"column":4},"end":{"line":98,"column":8}},{"start":{"line":99,"column":6},"end":{"line":102,"column":7}}],"line":98},"1":{"loc":{"start":{"line":108,"column":4},"end":{"line":115,"column":5}},"type":"if","locations":[{"start":{"line":108,"column":4},"end":{"line":115,"column":5}},{"start":{},"end":{}}],"line":108},"2":{"loc":{"start":{"line":110,"column":6},"end":{"line":114,"column":10}},"type":"binary-expr","locations":[{"start":{"line":110,"column":6},"end":{"line":110,"column":64}},{"start":{"line":111,"column":8},"end":{"line":114,"column":10}}],"line":110}},"s":{"0":3,"1":0,"2":0,"3":0,"4":0,"5":3,"6":0,"7":0,"8":0,"9":0,"10":3,"11":0,"12":0,"13":0,"14":0,"15":3,"16":0,"17":0,"18":0,"19":0,"20":3,"21":0,"22":0,"23":0,"24":0,"25":3,"26":0,"27":0,"28":0,"29":0,"30":3,"31":0,"32":0,"33":0,"34":3,"35":0,"36":0,"37":3,"38":0,"39":0,"40":0,"41":0},"f":{"0":0,"1":0,"2":0,"3":0,"4":0,"5":0,"6":0,"7":0,"8":0,"9":0,"10":0,"11":0,"12":0,"13":0,"14":0,"15":0,"16":0,"17":0},"b":{"0":[0,0],"1":[0,0],"2":[0,0]},"_coverageSchema":"1a1c01bbd47fc00a2c39e90264f33305004495a9","hash":"a36903b71d89010165beca3c8f2009ded089dd85"}
,"C:\\Users\\Юля\\Desktop\\space\\fullstack\\test-admin\\client\\src\\Components\\Cards\\CardEdit.js": {"path":"C:\\Users\\Юля\\Desktop\\space\\fullstack\\test-admin\\client\\src\\Components\\Cards\\CardEdit.js","statementMap":{"0":{"start":{"line":8,"column":17},"end":{"line":53,"column":1}},"1":{"start":{"line":9,"column":15},"end":{"line":9,"column":49}},"2":{"start":{"line":9,"column":38},"end":{"line":9,"column":48}},"3":{"start":{"line":10,"column":19},"end":{"line":10,"column":32}},"4":{"start":{"line":11,"column":30},"end":{"line":11,"column":45}},"5":{"start":{"line":13,"column":2},"end":{"line":52,"column":4}},"6":{"start":{"line":26,"column":27},"end":{"line":26,"column":45}},"7":{"start":{"line":35,"column":27},"end":{"line":35,"column":77}}},"fnMap":{"0":{"name":"(anonymous_0)","decl":{"start":{"line":8,"column":17},"end":{"line":8,"column":18}},"loc":{"start":{"line":8,"column":41},"end":{"line":53,"column":1}},"line":8},"1":{"name":"(anonymous_1)","decl":{"start":{"line":9,"column":27},"end":{"line":9,"column":28}},"loc":{"start":{"line":9,"column":38},"end":{"line":9,"column":48}},"line":9},"2":{"name":"(anonymous_2)","decl":{"start":{"line":26,"column":21},"end":{"line":26,"column":22}},"loc":{"start":{"line":26,"column":27},"end":{"line":26,"column":45}},"line":26},"3":{"name":"(anonymous_3)","decl":{"start":{"line":35,"column":21},"end":{"line":35,"column":22}},"loc":{"start":{"line":35,"column":27},"end":{"line":35,"column":77}},"line":35}},"branchMap":{"0":{"loc":{"start":{"line":44,"column":7},"end":{"line":50,"column":7}},"type":"binary-expr","locations":[{"start":{"line":44,"column":7},"end":{"line":44,"column":13}},{"start":{"line":45,"column":8},"end":{"line":49,"column":10}}],"line":44}},"s":{"0":1,"1":0,"2":0,"3":0,"4":0,"5":0,"6":0,"7":0},"f":{"0":0,"1":0,"2":0,"3":0},"b":{"0":[0,0]},"_coverageSchema":"1a1c01bbd47fc00a2c39e90264f33305004495a9","hash":"e51a2a507180cb4b4257a17684eed59214dcec48"}
,"C:\\Users\\Юля\\Desktop\\space\\fullstack\\test-admin\\client\\src\\Components\\Cards\\CardUsers.js": {"path":"C:\\Users\\Юля\\Desktop\\space\\fullstack\\test-admin\\client\\src\\Components\\Cards\\CardUsers.js","statementMap":{"0":{"start":{"line":4,"column":18},"end":{"line":14,"column":1}},"1":{"start":{"line":5,"column":2},"end":{"line":13,"column":4}}},"fnMap":{"0":{"name":"(anonymous_0)","decl":{"start":{"line":4,"column":18},"end":{"line":4,"column":19}},"loc":{"start":{"line":4,"column":41},"end":{"line":14,"column":1}},"line":4}},"branchMap":{},"s":{"0":1,"1":0},"f":{"0":0},"b":{},"_coverageSchema":"1a1c01bbd47fc00a2c39e90264f33305004495a9","hash":"8c44c0d7769f5245ed5d6374f346cf270eafe267"}
,"C:\\Users\\Юля\\Desktop\\space\\fullstack\\test-admin\\client\\src\\Components\\Function\\Callback.js": {"path":"C:\\Users\\Юля\\Desktop\\space\\fullstack\\test-admin\\client\\src\\Components\\Function\\Callback.js","statementMap":{},"fnMap":{},"branchMap":{},"s":{},"f":{},"b":{}}
,"C:\\Users\\Юля\\Desktop\\space\\fullstack\\test-admin\\client\\src\\Components\\Images\\img.js": {"path":"C:\\Users\\Юля\\Desktop\\space\\fullstack\\test-admin\\client\\src\\Components\\Images\\img.js","statementMap":{"0":{"start":{"line":1,"column":21},"end":{"line":1,"column":38}},"1":{"start":{"line":3,"column":27},"end":{"line":3,"column":46}},"2":{"start":{"line":5,"column":24},"end":{"line":5,"column":39}},"3":{"start":{"line":7,"column":23},"end":{"line":7,"column":37}},"4":{"start":{"line":9,"column":21},"end":{"line":9,"column":33}}},"fnMap":{},"branchMap":{},"s":{"0":1,"1":1,"2":1,"3":1,"4":1},"f":{},"b":{},"_coverageSchema":"1a1c01bbd47fc00a2c39e90264f33305004495a9","hash":"03e18951afadb9bff60ced50ffde5fcc963570b7"}
,"C:\\Users\\Юля\\Desktop\\space\\fullstack\\test-admin\\client\\src\\Components\\Pages\\Dashboard.js": {"path":"C:\\Users\\Юля\\Desktop\\space\\fullstack\\test-admin\\client\\src\\Components\\Pages\\Dashboard.js","statementMap":{"0":{"start":{"line":6,"column":18},"end":{"line":52,"column":1}},"1":{"start":{"line":7,"column":16},"end":{"line":7,"column":51}},"2":{"start":{"line":7,"column":39},"end":{"line":7,"column":50}},"3":{"start":{"line":8,"column":15},"end":{"line":8,"column":49}},"4":{"start":{"line":8,"column":38},"end":{"line":8,"column":48}},"5":{"start":{"line":10,"column":24},"end":{"line":12,"column":13}},"6":{"start":{"line":11,"column":4},"end":{"line":11,"column":73}},"7":{"start":{"line":11,"column":40},"end":{"line":11,"column":67}},"8":{"start":{"line":17,"column":26},"end":{"line":28,"column":13}},"9":{"start":{"line":18,"column":4},"end":{"line":27,"column":6}},"10":{"start":{"line":20,"column":9},"end":{"line":25,"column":16}},"11":{"start":{"line":22,"column":12},"end":{"line":24,"column":14}},"12":{"start":{"line":30,"column":2},"end":{"line":51,"column":4}}},"fnMap":{"0":{"name":"(anonymous_0)","decl":{"start":{"line":6,"column":18},"end":{"line":6,"column":19}},"loc":{"start":{"line":6,"column":24},"end":{"line":52,"column":1}},"line":6},"1":{"name":"(anonymous_1)","decl":{"start":{"line":7,"column":28},"end":{"line":7,"column":29}},"loc":{"start":{"line":7,"column":39},"end":{"line":7,"column":50}},"line":7},"2":{"name":"(anonymous_2)","decl":{"start":{"line":8,"column":27},"end":{"line":8,"column":28}},"loc":{"start":{"line":8,"column":38},"end":{"line":8,"column":48}},"line":8},"3":{"name":"(anonymous_3)","decl":{"start":{"line":10,"column":36},"end":{"line":10,"column":37}},"loc":{"start":{"line":10,"column":42},"end":{"line":12,"column":3}},"line":10},"4":{"name":"(anonymous_4)","decl":{"start":{"line":11,"column":24},"end":{"line":11,"column":25}},"loc":{"start":{"line":11,"column":40},"end":{"line":11,"column":67}},"line":11},"5":{"name":"(anonymous_5)","decl":{"start":{"line":17,"column":38},"end":{"line":17,"column":39}},"loc":{"start":{"line":17,"column":44},"end":{"line":28,"column":3}},"line":17},"6":{"name":"(anonymous_6)","decl":{"start":{"line":19,"column":6},"end":{"line":19,"column":7}},"loc":{"start":{"line":20,"column":9},"end":{"line":25,"column":16}},"line":20},"7":{"name":"(anonymous_7)","decl":{"start":{"line":21,"column":10},"end":{"line":21,"column":11}},"loc":{"start":{"line":22,"column":12},"end":{"line":24,"column":14}},"line":22}},"branchMap":{"0":{"loc":{"start":{"line":33,"column":7},"end":{"line":48,"column":7}},"type":"binary-expr","locations":[{"start":{"line":33,"column":7},"end":{"line":33,"column":12}},{"start":{"line":34,"column":8},"end":{"line":47,"column":14}}],"line":33},"1":{"loc":{"start":{"line":41,"column":17},"end":{"line":41,"column":41}},"type":"binary-expr","locations":[{"start":{"line":41,"column":17},"end":{"line":41,"column":22}},{"start":{"line":41,"column":26},"end":{"line":41,"column":41}}],"line":41},"2":{"loc":{"start":{"line":45,"column":17},"end":{"line":45,"column":43}},"type":"binary-expr","locations":[{"start":{"line":45,"column":17},"end":{"line":45,"column":22}},{"start":{"line":45,"column":26},"end":{"line":45,"column":43}}],"line":45},"3":{"loc":{"start":{"line":49,"column":7},"end":{"line":49,"column":40}},"type":"binary-expr","locations":[{"start":{"line":49,"column":7},"end":{"line":49,"column":12}},{"start":{"line":49,"column":16},"end":{"line":49,"column":40}}],"line":49}},"s":{"0":1,"1":0,"2":0,"3":0,"4":0,"5":0,"6":0,"7":0,"8":0,"9":0,"10":0,"11":0,"12":0},"f":{"0":0,"1":0,"2":0,"3":0,"4":0,"5":0,"6":0,"7":0},"b":{"0":[0,0],"1":[0,0],"2":[0,0],"3":[0,0]},"_coverageSchema":"1a1c01bbd47fc00a2c39e90264f33305004495a9","hash":"2435b56a1eecad65fdf8fe8f7c29bab4c5baa7d9"}
,"C:\\Users\\Юля\\Desktop\\space\\fullstack\\test-admin\\client\\src\\Components\\Pages\\Profiles.js": {"path":"C:\\Users\\Юля\\Desktop\\space\\fullstack\\test-admin\\client\\src\\Components\\Pages\\Profiles.js","statementMap":{"0":{"start":{"line":10,"column":17},"end":{"line":39,"column":1}},"1":{"start":{"line":11,"column":19},"end":{"line":11,"column":32}},"2":{"start":{"line":12,"column":15},"end":{"line":12,"column":49}},"3":{"start":{"line":12,"column":38},"end":{"line":12,"column":48}},"4":{"start":{"line":13,"column":30},"end":{"line":13,"column":45}},"5":{"start":{"line":15,"column":2},"end":{"line":17,"column":9}},"6":{"start":{"line":16,"column":4},"end":{"line":16,"column":25}},"7":{"start":{"line":19,"column":2},"end":{"line":38,"column":4}},"8":{"start":{"line":24,"column":10},"end":{"line":24,"column":44}},"9":{"start":{"line":29,"column":27},"end":{"line":29,"column":45}}},"fnMap":{"0":{"name":"(anonymous_0)","decl":{"start":{"line":10,"column":17},"end":{"line":10,"column":18}},"loc":{"start":{"line":10,"column":23},"end":{"line":39,"column":1}},"line":10},"1":{"name":"(anonymous_1)","decl":{"start":{"line":12,"column":27},"end":{"line":12,"column":28}},"loc":{"start":{"line":12,"column":38},"end":{"line":12,"column":48}},"line":12},"2":{"name":"(anonymous_2)","decl":{"start":{"line":15,"column":12},"end":{"line":15,"column":13}},"loc":{"start":{"line":15,"column":18},"end":{"line":17,"column":3}},"line":15},"3":{"name":"(anonymous_3)","decl":{"start":{"line":23,"column":28},"end":{"line":23,"column":29}},"loc":{"start":{"line":24,"column":10},"end":{"line":24,"column":44}},"line":24},"4":{"name":"(anonymous_4)","decl":{"start":{"line":29,"column":21},"end":{"line":29,"column":22}},"loc":{"start":{"line":29,"column":27},"end":{"line":29,"column":45}},"line":29}},"branchMap":{"0":{"loc":{"start":{"line":33,"column":11},"end":{"line":33,"column":73}},"type":"binary-expr","locations":[{"start":{"line":33,"column":11},"end":{"line":33,"column":17}},{"start":{"line":33,"column":21},"end":{"line":33,"column":73}}],"line":33},"1":{"loc":{"start":{"line":36,"column":7},"end":{"line":36,"column":40}},"type":"binary-expr","locations":[{"start":{"line":36,"column":7},"end":{"line":36,"column":12}},{"start":{"line":36,"column":16},"end":{"line":36,"column":40}}],"line":36}},"s":{"0":1,"1":0,"2":0,"3":0,"4":0,"5":0,"6":0,"7":0,"8":0,"9":0},"f":{"0":0,"1":0,"2":0,"3":0,"4":0},"b":{"0":[0,0],"1":[0,0]},"_coverageSchema":"1a1c01bbd47fc00a2c39e90264f33305004495a9","hash":"06d81b499db4a7e781095d713aec9084fa02516f"}
,"C:\\Users\\Юля\\Desktop\\space\\fullstack\\test-admin\\client\\src\\Components\\Pages\\Registration.js": {"path":"C:\\Users\\Юля\\Desktop\\space\\fullstack\\test-admin\\client\\src\\Components\\Pages\\Registration.js","statementMap":{"0":{"start":{"line":8,"column":21},"end":{"line":85,"column":1}},"1":{"start":{"line":9,"column":15},"end":{"line":9,"column":49}},"2":{"start":{"line":9,"column":38},"end":{"line":9,"column":48}},"3":{"start":{"line":10,"column":19},"end":{"line":10,"column":32}},"4":{"start":{"line":12,"column":30},"end":{"line":12,"column":45}},"5":{"start":{"line":13,"column":34},"end":{"line":13,"column":62}},"6":{"start":{"line":15,"column":2},"end":{"line":15,"column":34}},"7":{"start":{"line":17,"column":19},"end":{"line":22,"column":3}},"8":{"start":{"line":19,"column":6},"end":{"line":19,"column":50}},"9":{"start":{"line":24,"column":2},"end":{"line":84,"column":4}},"10":{"start":{"line":35,"column":27},"end":{"line":35,"column":59}},"11":{"start":{"line":45,"column":27},"end":{"line":45,"column":60}},"12":{"start":{"line":55,"column":27},"end":{"line":55,"column":63}},"13":{"start":{"line":61,"column":14},"end":{"line":61,"column":33}},"14":{"start":{"line":62,"column":14},"end":{"line":62,"column":53}},"15":{"start":{"line":70,"column":31},"end":{"line":70,"column":65}}},"fnMap":{"0":{"name":"(anonymous_0)","decl":{"start":{"line":8,"column":21},"end":{"line":8,"column":22}},"loc":{"start":{"line":8,"column":27},"end":{"line":85,"column":1}},"line":8},"1":{"name":"(anonymous_1)","decl":{"start":{"line":9,"column":27},"end":{"line":9,"column":28}},"loc":{"start":{"line":9,"column":38},"end":{"line":9,"column":48}},"line":9},"2":{"name":"(anonymous_2)","decl":{"start":{"line":15,"column":12},"end":{"line":15,"column":13}},"loc":{"start":{"line":15,"column":18},"end":{"line":15,"column":20}},"line":15},"3":{"name":"(anonymous_3)","decl":{"start":{"line":18,"column":4},"end":{"line":18,"column":5}},"loc":{"start":{"line":18,"column":21},"end":{"line":20,"column":5}},"line":18},"4":{"name":"(anonymous_4)","decl":{"start":{"line":35,"column":20},"end":{"line":35,"column":21}},"loc":{"start":{"line":35,"column":27},"end":{"line":35,"column":59}},"line":35},"5":{"name":"(anonymous_5)","decl":{"start":{"line":45,"column":20},"end":{"line":45,"column":21}},"loc":{"start":{"line":45,"column":27},"end":{"line":45,"column":60}},"line":45},"6":{"name":"(anonymous_6)","decl":{"start":{"line":55,"column":20},"end":{"line":55,"column":21}},"loc":{"start":{"line":55,"column":27},"end":{"line":55,"column":63}},"line":55},"7":{"name":"(anonymous_7)","decl":{"start":{"line":60,"column":21},"end":{"line":60,"column":22}},"loc":{"start":{"line":60,"column":27},"end":{"line":63,"column":13}},"line":60},"8":{"name":"(anonymous_8)","decl":{"start":{"line":70,"column":25},"end":{"line":70,"column":26}},"loc":{"start":{"line":70,"column":31},"end":{"line":70,"column":65}},"line":70}},"branchMap":{"0":{"loc":{"start":{"line":65,"column":13},"end":{"line":65,"column":62}},"type":"binary-expr","locations":[{"start":{"line":65,"column":13},"end":{"line":65,"column":19}},{"start":{"line":65,"column":23},"end":{"line":65,"column":62}}],"line":65},"1":{"loc":{"start":{"line":81,"column":9},"end":{"line":81,"column":44}},"type":"binary-expr","locations":[{"start":{"line":81,"column":9},"end":{"line":81,"column":13}},{"start":{"line":81,"column":17},"end":{"line":81,"column":44}}],"line":81}},"s":{"0":2,"1":0,"2":0,"3":0,"4":0,"5":0,"6":0,"7":0,"8":0,"9":0,"10":0,"11":0,"12":0,"13":0,"14":0,"15":0},"f":{"0":0,"1":0,"2":0,"3":0,"4":0,"5":0,"6":0,"7":0,"8":0},"b":{"0":[0,0],"1":[0,0]},"_coverageSchema":"1a1c01bbd47fc00a2c39e90264f33305004495a9","hash":"4395d8bcce8bd03d091c171e6d44c11adfb23013"}
,"C:\\Users\\Юля\\Desktop\\space\\fullstack\\test-admin\\client\\src\\Components\\Pages\\SignIn.js": {"path":"C:\\Users\\Юля\\Desktop\\space\\fullstack\\test-admin\\client\\src\\Components\\Pages\\SignIn.js","statementMap":{"0":{"start":{"line":8,"column":15},"end":{"line":61,"column":1}},"1":{"start":{"line":9,"column":15},"end":{"line":9,"column":49}},"2":{"start":{"line":9,"column":38},"end":{"line":9,"column":48}},"3":{"start":{"line":10,"column":19},"end":{"line":10,"column":32}},"4":{"start":{"line":12,"column":34},"end":{"line":12,"column":46}},"5":{"start":{"line":14,"column":2},"end":{"line":14,"column":34}},"6":{"start":{"line":16,"column":19},"end":{"line":21,"column":3}},"7":{"start":{"line":18,"column":6},"end":{"line":18,"column":50}},"8":{"start":{"line":23,"column":2},"end":{"line":60,"column":4}},"9":{"start":{"line":36,"column":25},"end":{"line":36,"column":58}},"10":{"start":{"line":46,"column":25},"end":{"line":46,"column":61}},"11":{"start":{"line":49,"column":29},"end":{"line":49,"column":60}}},"fnMap":{"0":{"name":"(anonymous_0)","decl":{"start":{"line":8,"column":15},"end":{"line":8,"column":16}},"loc":{"start":{"line":8,"column":21},"end":{"line":61,"column":1}},"line":8},"1":{"name":"(anonymous_1)","decl":{"start":{"line":9,"column":27},"end":{"line":9,"column":28}},"loc":{"start":{"line":9,"column":38},"end":{"line":9,"column":48}},"line":9},"2":{"name":"(anonymous_2)","decl":{"start":{"line":14,"column":12},"end":{"line":14,"column":13}},"loc":{"start":{"line":14,"column":18},"end":{"line":14,"column":20}},"line":14},"3":{"name":"(anonymous_3)","decl":{"start":{"line":17,"column":4},"end":{"line":17,"column":5}},"loc":{"start":{"line":17,"column":21},"end":{"line":19,"column":5}},"line":17},"4":{"name":"(anonymous_4)","decl":{"start":{"line":36,"column":18},"end":{"line":36,"column":19}},"loc":{"start":{"line":36,"column":25},"end":{"line":36,"column":58}},"line":36},"5":{"name":"(anonymous_5)","decl":{"start":{"line":46,"column":18},"end":{"line":46,"column":19}},"loc":{"start":{"line":46,"column":25},"end":{"line":46,"column":61}},"line":46},"6":{"name":"(anonymous_6)","decl":{"start":{"line":49,"column":23},"end":{"line":49,"column":24}},"loc":{"start":{"line":49,"column":29},"end":{"line":49,"column":60}},"line":49}},"branchMap":{"0":{"loc":{"start":{"line":58,"column":7},"end":{"line":58,"column":42}},"type":"binary-expr","locations":[{"start":{"line":58,"column":7},"end":{"line":58,"column":11}},{"start":{"line":58,"column":15},"end":{"line":58,"column":42}}],"line":58}},"s":{"0":2,"1":0,"2":0,"3":0,"4":0,"5":0,"6":0,"7":0,"8":0,"9":0,"10":0,"11":0},"f":{"0":0,"1":0,"2":0,"3":0,"4":0,"5":0,"6":0},"b":{"0":[0,0]},"_coverageSchema":"1a1c01bbd47fc00a2c39e90264f33305004495a9","hash":"ec21aba6d6d20133c4f1052d21b9c92bd812de3a"}
,"C:\\Users\\Юля\\Desktop\\space\\fullstack\\test-admin\\client\\src\\Components\\Pages\\Users.js": {"path":"C:\\Users\\Юля\\Desktop\\space\\fullstack\\test-admin\\client\\src\\Components\\Pages\\Users.js","statementMap":{"0":{"start":{"line":7,"column":14},"end":{"line":22,"column":1}},"1":{"start":{"line":8,"column":16},"end":{"line":8,"column":51}},"2":{"start":{"line":8,"column":39},"end":{"line":8,"column":50}},"3":{"start":{"line":9,"column":15},"end":{"line":9,"column":49}},"4":{"start":{"line":9,"column":38},"end":{"line":9,"column":48}},"5":{"start":{"line":11,"column":2},"end":{"line":21,"column":4}},"6":{"start":{"line":16,"column":10},"end":{"line":16,"column":44}}},"fnMap":{"0":{"name":"(anonymous_0)","decl":{"start":{"line":7,"column":14},"end":{"line":7,"column":15}},"loc":{"start":{"line":7,"column":20},"end":{"line":22,"column":1}},"line":7},"1":{"name":"(anonymous_1)","decl":{"start":{"line":8,"column":28},"end":{"line":8,"column":29}},"loc":{"start":{"line":8,"column":39},"end":{"line":8,"column":50}},"line":8},"2":{"name":"(anonymous_2)","decl":{"start":{"line":9,"column":27},"end":{"line":9,"column":28}},"loc":{"start":{"line":9,"column":38},"end":{"line":9,"column":48}},"line":9},"3":{"name":"(anonymous_3)","decl":{"start":{"line":15,"column":20},"end":{"line":15,"column":21}},"loc":{"start":{"line":16,"column":10},"end":{"line":16,"column":44}},"line":16}},"branchMap":{"0":{"loc":{"start":{"line":19,"column":7},"end":{"line":19,"column":40}},"type":"binary-expr","locations":[{"start":{"line":19,"column":7},"end":{"line":19,"column":12}},{"start":{"line":19,"column":16},"end":{"line":19,"column":40}}],"line":19}},"s":{"0":1,"1":0,"2":0,"3":0,"4":0,"5":0,"6":0},"f":{"0":0,"1":0,"2":0,"3":0},"b":{"0":[0,0]},"_coverageSchema":"1a1c01bbd47fc00a2c39e90264f33305004495a9","hash":"b93cf9ac9e3a33fdcb7ea9f88e51650bae3556f2"}
,"C:\\Users\\Юля\\Desktop\\space\\fullstack\\test-admin\\client\\src\\Components\\Shared\\Header.js": {"path":"C:\\Users\\Юля\\Desktop\\space\\fullstack\\test-admin\\client\\src\\Components\\Shared\\Header.js","statementMap":{"0":{"start":{"line":9,"column":15},"end":{"line":46,"column":1}},"1":{"start":{"line":10,"column":15},"end":{"line":10,"column":49}},"2":{"start":{"line":10,"column":38},"end":{"line":10,"column":48}},"3":{"start":{"line":11,"column":19},"end":{"line":11,"column":32}},"4":{"start":{"line":13,"column":2},"end":{"line":45,"column":4}},"5":{"start":{"line":40,"column":58},"end":{"line":40,"column":76}}},"fnMap":{"0":{"name":"(anonymous_0)","decl":{"start":{"line":9,"column":15},"end":{"line":9,"column":16}},"loc":{"start":{"line":9,"column":21},"end":{"line":46,"column":1}},"line":9},"1":{"name":"(anonymous_1)","decl":{"start":{"line":10,"column":27},"end":{"line":10,"column":28}},"loc":{"start":{"line":10,"column":38},"end":{"line":10,"column":48}},"line":10},"2":{"name":"(anonymous_2)","decl":{"start":{"line":40,"column":52},"end":{"line":40,"column":53}},"loc":{"start":{"line":40,"column":58},"end":{"line":40,"column":76}},"line":40}},"branchMap":{"0":{"loc":{"start":{"line":17,"column":20},"end":{"line":17,"column":55}},"type":"cond-expr","locations":[{"start":{"line":17,"column":36},"end":{"line":17,"column":41}},{"start":{"line":17,"column":44},"end":{"line":17,"column":55}}],"line":17},"1":{"loc":{"start":{"line":27,"column":9},"end":{"line":38,"column":9}},"type":"binary-expr","locations":[{"start":{"line":27,"column":9},"end":{"line":27,"column":21}},{"start":{"line":28,"column":10},"end":{"line":37,"column":13}}],"line":27}},"s":{"0":1,"1":0,"2":0,"3":0,"4":0,"5":0},"f":{"0":0,"1":0,"2":0},"b":{"0":[0,0],"1":[0,0]},"_coverageSchema":"1a1c01bbd47fc00a2c39e90264f33305004495a9","hash":"146d2fbeede395f631fb87e0a9e92967df9f7985"}
,"C:\\Users\\Юля\\Desktop\\space\\fullstack\\test-admin\\client\\src\\Components\\Shared\\ModalComponent.js": {"path":"C:\\Users\\Юля\\Desktop\\space\\fullstack\\test-admin\\client\\src\\Components\\Shared\\ModalComponent.js","statementMap":{"0":{"start":{"line":14,"column":23},"end":{"line":110,"column":1}},"1":{"start":{"line":15,"column":15},"end":{"line":15,"column":49}},"2":{"start":{"line":15,"column":38},"end":{"line":15,"column":48}},"3":{"start":{"line":16,"column":19},"end":{"line":16,"column":32}},"4":{"start":{"line":17,"column":34},"end":{"line":17,"column":66}},"5":{"start":{"line":18,"column":30},"end":{"line":18,"column":40}},"6":{"start":{"line":20,"column":19},"end":{"line":25,"column":3}},"7":{"start":{"line":22,"column":6},"end":{"line":22,"column":50}},"8":{"start":{"line":27,"column":2},"end":{"line":109,"column":4}},"9":{"start":{"line":28,"column":38},"end":{"line":28,"column":52}},"10":{"start":{"line":38,"column":29},"end":{"line":38,"column":61}},"11":{"start":{"line":48,"column":22},"end":{"line":48,"column":57}},"12":{"start":{"line":49,"column":22},"end":{"line":49,"column":40}},"13":{"start":{"line":61,"column":22},"end":{"line":61,"column":57}},"14":{"start":{"line":62,"column":22},"end":{"line":62,"column":42}},"15":{"start":{"line":78,"column":29},"end":{"line":78,"column":66}},"16":{"start":{"line":87,"column":29},"end":{"line":87,"column":61}},"17":{"start":{"line":94,"column":16},"end":{"line":96,"column":60}},"18":{"start":{"line":97,"column":16},"end":{"line":97,"column":31}},"19":{"start":{"line":102,"column":61},"end":{"line":102,"column":75}}},"fnMap":{"0":{"name":"(anonymous_0)","decl":{"start":{"line":14,"column":23},"end":{"line":14,"column":24}},"loc":{"start":{"line":14,"column":55},"end":{"line":110,"column":1}},"line":14},"1":{"name":"(anonymous_1)","decl":{"start":{"line":15,"column":27},"end":{"line":15,"column":28}},"loc":{"start":{"line":15,"column":38},"end":{"line":15,"column":48}},"line":15},"2":{"name":"(anonymous_2)","decl":{"start":{"line":21,"column":4},"end":{"line":21,"column":5}},"loc":{"start":{"line":21,"column":21},"end":{"line":23,"column":5}},"line":21},"3":{"name":"(anonymous_3)","decl":{"start":{"line":28,"column":32},"end":{"line":28,"column":33}},"loc":{"start":{"line":28,"column":38},"end":{"line":28,"column":52}},"line":28},"4":{"name":"(anonymous_4)","decl":{"start":{"line":38,"column":22},"end":{"line":38,"column":23}},"loc":{"start":{"line":38,"column":29},"end":{"line":38,"column":61}},"line":38},"5":{"name":"(anonymous_5)","decl":{"start":{"line":47,"column":30},"end":{"line":47,"column":31}},"loc":{"start":{"line":47,"column":37},"end":{"line":50,"column":21}},"line":47},"6":{"name":"(anonymous_6)","decl":{"start":{"line":60,"column":30},"end":{"line":60,"column":31}},"loc":{"start":{"line":60,"column":37},"end":{"line":63,"column":21}},"line":60},"7":{"name":"(anonymous_7)","decl":{"start":{"line":78,"column":22},"end":{"line":78,"column":23}},"loc":{"start":{"line":78,"column":29},"end":{"line":78,"column":66}},"line":78},"8":{"name":"(anonymous_8)","decl":{"start":{"line":87,"column":22},"end":{"line":87,"column":23}},"loc":{"start":{"line":87,"column":29},"end":{"line":87,"column":61}},"line":87},"9":{"name":"(anonymous_9)","decl":{"start":{"line":93,"column":23},"end":{"line":93,"column":24}},"loc":{"start":{"line":93,"column":29},"end":{"line":98,"column":15}},"line":93},"10":{"name":"(anonymous_10)","decl":{"start":{"line":102,"column":55},"end":{"line":102,"column":56}},"loc":{"start":{"line":102,"column":61},"end":{"line":102,"column":75}},"line":102}},"branchMap":{"0":{"loc":{"start":{"line":17,"column":43},"end":{"line":17,"column":65}},"type":"cond-expr","locations":[{"start":{"line":17,"column":53},"end":{"line":17,"column":60}},{"start":{"line":17,"column":63},"end":{"line":17,"column":65}}],"line":17},"1":{"loc":{"start":{"line":94,"column":16},"end":{"line":96,"column":59}},"type":"cond-expr","locations":[{"start":{"line":95,"column":20},"end":{"line":95,"column":66}},{"start":{"line":96,"column":20},"end":{"line":96,"column":59}}],"line":94}},"s":{"0":1,"1":0,"2":0,"3":0,"4":0,"5":0,"6":0,"7":0,"8":0,"9":0,"10":0,"11":0,"12":0,"13":0,"14":0,"15":0,"16":0,"17":0,"18":0,"19":0},"f":{"0":0,"1":0,"2":0,"3":0,"4":0,"5":0,"6":0,"7":0,"8":0,"9":0,"10":0},"b":{"0":[0,0],"1":[0,0]},"_coverageSchema":"1a1c01bbd47fc00a2c39e90264f33305004495a9","hash":"67f2e36729cd98159c4d4d9ccd23769e35a1a08e"}
,"C:\\Users\\Юля\\Desktop\\space\\fullstack\\test-admin\\client\\src\\reducers\\user.js": {"path":"C:\\Users\\Юля\\Desktop\\space\\fullstack\\test-admin\\client\\src\\reducers\\user.js","statementMap":{"0":{"start":{"line":1,"column":20},"end":{"line":10,"column":1}},"1":{"start":{"line":2,"column":2},"end":{"line":9,"column":3}},"2":{"start":{"line":4,"column":6},"end":{"line":4,"column":28}},"3":{"start":{"line":6,"column":6},"end":{"line":6,"column":18}},"4":{"start":{"line":8,"column":6},"end":{"line":8,"column":18}}},"fnMap":{"0":{"name":"(anonymous_0)","decl":{"start":{"line":1,"column":20},"end":{"line":1,"column":21}},"loc":{"start":{"line":1,"column":45},"end":{"line":10,"column":1}},"line":1}},"branchMap":{"0":{"loc":{"start":{"line":1,"column":21},"end":{"line":1,"column":32}},"type":"default-arg","locations":[{"start":{"line":1,"column":28},"end":{"line":1,"column":32}}],"line":1},"1":{"loc":{"start":{"line":2,"column":2},"end":{"line":9,"column":3}},"type":"switch","locations":[{"start":{"line":3,"column":4},"end":{"line":4,"column":28}},{"start":{"line":5,"column":4},"end":{"line":6,"column":18}},{"start":{"line":7,"column":4},"end":{"line":8,"column":18}}],"line":2}},"s":{"0":1,"1":0,"2":0,"3":0,"4":0},"f":{"0":0},"b":{"0":[0],"1":[0,0,0]},"_coverageSchema":"1a1c01bbd47fc00a2c39e90264f33305004495a9","hash":"14c796e0dde093ed34959fc14f65cc6b52d98f86"}
}
